=== SMS 발송 디버그 로그 ===
시간: 2025-06-25 15:48:52
수신번호: 01080136380
발신번호: 023815552
Send() 결과: true
success_cnt: not set
fail_cnt: not set
Result: Array
(
    [01080136380] => 01080136380:Error(96)
)

Error: not set
errMsg: not set
rMsg: not set
coin: not set
============================

=== SMS 발송 디버그 로그 ===
시간: 2025-06-25 15:48:58
수신번호: 01080136380
발신번호: 023815552
Send() 결과: true
success_cnt: not set
fail_cnt: not set
Result: Array
(
    [01080136380] => 01080136380:Error(96)
)

Error: not set
errMsg: not set
rMsg: not set
coin: not set
============================

=== SMS 발송 디버그 로그 ===
시간: 2025-06-25 16:17:45
수신번호: 01080136380
발신번호: 023815552
Send() 결과: true
success_cnt: not set
fail_cnt: not set
Result: Array
(
    [01080136380] => 01080136380:Error(96)
)

Error: not set
errMsg: not set
rMsg: not set
coin: not set
============================

=== SMS 발송 디버그 로그 ===
시간: 2025-06-25 16:17:52
수신번호: 01080136380
발신번호: 023815552
Send() 결과: true
success_cnt: not set
fail_cnt: not set
Result: Array
(
    [01080136380] => 01080136380:Error(96)
)

Error: not set
errMsg: not set
rMsg: not set
coin: not set
============================

=== SMS 발송 디버그 로그 ===
시간: 2025-06-25 16:17:52
수신번호: 01080136380
발신번호: 023815552
Send() 결과: true
success_cnt: not set
fail_cnt: not set
Result: Array
(
    [01080136380] => 01080136380:Error(96)
)

Error: not set
errMsg: not set
rMsg: not set
coin: not set
============================

=== SMS 발송 시도 ===
시간: 2025-06-25 16:23:19
아이디: ipcland
서버: 211.172.232.124:7295
수신: 01080136380
발신: 023815552
메시지: [그누보드5] 비밀번호 찾기 인증번호는 415413 입니다.
Result: Array
(
    [01080136380] => 01080136380:Error(96)
)

success_cnt: 0
fail_cnt: 0
============================

=== SMS 발송 시도 ===
시간: 2025-06-25 16:30:37
아이디: ipcland
서버: 211.172.232.124:7295
수신: 01080136380
발신: 023815552
메시지: [그누보드5] 비밀번호 찾기 인증번호는 291923 입니다.
Result: Array
(
    [01080136380] => 01080136380:Error(96)
)

success_cnt: 0
fail_cnt: 0
============================

=== SMS 발송 시도 ===
시간: 2025-06-25 16:30:43
아이디: ipcland
서버: 211.172.232.124:7295
수신: 01080136380
발신: 023815552
메시지: [그누보드5] 비밀번호 찾기 인증번호는 573206 입니다.
Result: Array
(
    [01080136380] => 01080136380:Error(96)
)

success_cnt: 0
fail_cnt: 0
============================

=== SMS 발송 시도 ===
시간: 2025-06-25 23:23:29
아이디: ipcland
서버: 211.172.232.124:7295
수신: 01012341234
발신: 023815552
메시지: [그누보드5] 회원가입 인증번호는 823014 입니다.
Result: Array
(
    [0] => 01012341234:166818629  
)

success_cnt: 0
fail_cnt: 0
============================

=== SMS 발송 시도 ===
시간: 2025-06-25 23:23:53
아이디: ipcland
서버: 211.172.232.124:7295
수신: 01012341234
발신: 023815552
메시지: [그누보드5] 회원가입 인증번호는 532332 입니다.
Result: Array
(
    [0] => 01012341234:166818631  
)

success_cnt: 0
fail_cnt: 0
============================

=== SMS 발송 시도 ===
시간: 2025-06-25 23:24:34
아이디: ipcland
서버: 211.172.232.124:7295
수신: 01012341234
발신: 023815552
메시지: [그누보드5] 회원가입 인증번호는 957407 입니다.
Result: Array
(
    [0] => 01012341234:166818634  
)

success_cnt: 0
fail_cnt: 0
============================

=== SMS 발송 시도 ===
시간: 2025-06-25 23:24:42
아이디: ipcland
서버: 211.172.232.124:7295
수신: 01012341234
발신: 023815552
메시지: [그누보드5] 회원가입 인증번호는 023321 입니다.
Result: Array
(
    [0] => 01012341234:166818635  
)

success_cnt: 0
fail_cnt: 0
============================

=== SMS 발송 시도 ===
시간: 2025-06-25 23:31:52
아이디: ipcland
서버: 211.172.232.124:7295
수신: 01080136380
발신: 023815552
메시지: [그누보드5] 비밀번호 찾기 인증번호는 837669 입니다.
Result: Array
(
    [0] => 01080136380:166818666  
)

success_cnt: 0
fail_cnt: 0
============================

=== SMS 발송 시도 ===
시간: 2025-06-25 23:41:18
아이디: ipcland
서버: 211.172.232.124:7295
수신: 01080136380
발신: 023815552
메시지: [그누보드5] 비밀번호 찾기 인증번호는 699910 입니다.
Result: Array
(
    [0] => 01080136380:166818707  
)

success_cnt: 0
fail_cnt: 0
============================

=== SMS 발송 시도 ===
시간: 2025-06-25 23:43:31
아이디: ipcland
서버: 211.172.232.124:7295
수신: 01012341234
발신: 023815552
메시지: [그누보드5] 회원가입 인증번호는 234858 입니다.
Result: Array
(
    [0] => 01012341234:166818717  
)

success_cnt: 0
fail_cnt: 0
============================

=== SMS 발송 시도 ===
시간: 2025-06-25 23:43:47
아이디: ipcland
서버: 211.172.232.124:7295
수신: 01095726380
발신: 023815552
메시지: [그누보드5] 회원가입 인증번호는 558571 입니다.
Result: Array
(
    [0] => 01095726380:166818720  
)

success_cnt: 0
fail_cnt: 0
============================

=== SMS 발송 시도 ===
시간: 2025-06-25 23:48:26
아이디: ipcland
서버: 211.172.232.124:7295
수신: 01095726380
발신: 023815552
메시지: [그누보드5] 회원가입 인증번호는 419712 입니다.
Result: Array
(
    [0] => 01095726380:166818742  
)

success_cnt: 0
fail_cnt: 0
============================

=== SMS 발송 시도 ===
시간: 2025-06-25 23:50:40
아이디: ipcland
서버: 211.172.232.124:7295
수신: 01095726380
발신: 023815552
메시지: [그누보드5] 회원가입 인증번호는 717022 입니다.
Result: Array
(
    [0] => 01095726380:166818751  
)

success_cnt: 0
fail_cnt: 0
============================

=== SMS 발송 시도 ===
시간: 2025-06-26 12:01:45
아이디: ipcland
서버: 211.172.232.124:7295
수신: 01057473327
발신: 023815552
메시지: [그누보드5] 회원가입 인증번호는 141841 입니다.
Result: Array
(
    [0] => 01057473327:166830451  
)

success_cnt: 0
fail_cnt: 0
============================

=== SMS 발송 시도 ===
시간: 2025-06-26 15:02:50
아이디: ipcland
서버: 211.172.232.124:7295
수신: 01080136380
발신: 023815552
메시지: [그누보드5] 비밀번호 찾기 인증번호는 069809 입니다.
Result: Array
(
    [0] => 01080136380:166838054  
)

success_cnt: 0
fail_cnt: 0
============================

=== SMS 발송 시도 ===
시간: 2025-06-26 15:28:34
아이디: ipcland
서버: 211.172.232.124:7295
수신: 01080136380
발신: 023815552
메시지: [그누보드5] 비밀번호 찾기 인증번호는 123775 입니다.
Result: Array
(
    [0] => 01080136380:166838745  
)

success_cnt: 0
fail_cnt: 0
============================

=== SMS 발송 시도 ===
시간: 2025-06-26 22:36:48
아이디: ipcland
서버: 211.172.232.124:7295
수신: 01080136380
발신: 023815552
메시지: [그누보드5] 비밀번호 찾기 인증번호는 435078 입니다.
Result: Array
(
    [0] => 01080136380:166843563  
)

success_cnt: 0
fail_cnt: 0
============================

=== SMS 발송 시도 ===
시간: 2025-06-26 23:36:05
아이디: ipcland
서버: 211.172.232.124:7295
수신: 01080136380
발신: 023815552
메시지: [그누보드5] 비밀번호 찾기 인증번호는 415626 입니다.
Result: Array
(
    [0] => 01080136380:166843866  
)

success_cnt: 0
fail_cnt: 0
============================

=== SMS 발송 시도 ===
시간: 2025-06-26 23:37:36
아이디: ipcland
서버: 211.172.232.124:7295
수신: 01080136380
발신: 023815552
메시지: [그누보드5] 비밀번호 찾기 인증번호는 649455 입니다.
Result: Array
(
    [0] => 01080136380:166843875  
)

success_cnt: 0
fail_cnt: 0
============================

=== SMS 발송 시도 ===
시간: 2025-06-27 00:25:37
아이디: ipcland
서버: 211.172.232.124:7295
수신: 01080136380
발신: 023815552
메시지: [그누보드5] 비밀번호 찾기 인증번호는 367562 입니다.
Result: Array
(
    [0] => 01080136380:166844072  
)

success_cnt: 0
fail_cnt: 0
============================

